Determining if the pthread_create exist failed with the following output:
Change Dir: /home/lex/catkin_ws/src/superchicko/SoftRobots/build/CMakeFiles/CMakeTmp

Run Build Command:"/usr/bin/make" "cmTC_85d10/fast"
/usr/bin/make -f CMakeFiles/cmTC_85d10.dir/build.make CMakeFiles/cmTC_85d10.dir/build
make[1]: Entering directory '/home/lex/catkin_ws/src/superchicko/SoftRobots/build/CMakeFiles/CMakeTmp'
Building C object CMakeFiles/cmTC_85d10.dir/CheckSymbolExists.c.o
/usr/bin/cc    -o CMakeFiles/cmTC_85d10.dir/CheckSymbolExists.c.o   -c /home/lex/catkin_ws/src/superchicko/SoftRobots/build/CMakeFiles/CMakeTmp/CheckSymbolExists.c
Linking C executable cmTC_85d10
/usr/bin/cmake -E cmake_link_script CMakeFiles/cmTC_85d10.dir/link.txt --verbose=1
/usr/bin/cc    -L/usr/local/opt/gettext/lib:-L/usr/local/opt/openssl/lib  -rdynamic CMakeFiles/cmTC_85d10.dir/CheckSymbolExists.c.o  -o cmTC_85d10 
CMakeFiles/cmTC_85d10.dir/CheckSymbolExists.c.o: In function `main':
CheckSymbolExists.c:(.text+0x1b): undefined reference to `pthread_create'
collect2: error: ld returned 1 exit status
CMakeFiles/cmTC_85d10.dir/build.make:97: recipe for target 'cmTC_85d10' failed
make[1]: *** [cmTC_85d10] Error 1
make[1]: Leaving directory '/home/lex/catkin_ws/src/superchicko/SoftRobots/build/CMakeFiles/CMakeTmp'
Makefile:126: recipe for target 'cmTC_85d10/fast' failed
make: *** [cmTC_85d10/fast] Error 2

File /home/lex/catkin_ws/src/superchicko/SoftRobots/build/CMakeFiles/CMakeTmp/CheckSymbolExists.c:
/* */
#include <pthread.h>

int main(int argc, char** argv)
{
  (void)argv;
#ifndef pthread_create
  return ((int*)(&pthread_create))[argc];
#else
  (void)argc;
  return 0;
#endif
}

Determining if the function pthread_create exists in the pthreads failed with the following output:
Change Dir: /home/lex/catkin_ws/src/superchicko/SoftRobots/build/CMakeFiles/CMakeTmp

Run Build Command:"/usr/bin/make" "cmTC_379fd/fast"
/usr/bin/make -f CMakeFiles/cmTC_379fd.dir/build.make CMakeFiles/cmTC_379fd.dir/build
make[1]: Entering directory '/home/lex/catkin_ws/src/superchicko/SoftRobots/build/CMakeFiles/CMakeTmp'
Building C object CMakeFiles/cmTC_379fd.dir/CheckFunctionExists.c.o
/usr/bin/cc   -DCHECK_FUNCTION_EXISTS=pthread_create   -o CMakeFiles/cmTC_379fd.dir/CheckFunctionExists.c.o   -c /usr/share/cmake-3.10/Modules/CheckFunctionExists.c
Linking C executable cmTC_379fd
/usr/bin/cmake -E cmake_link_script CMakeFiles/cmTC_379fd.dir/link.txt --verbose=1
/usr/bin/cc  -DCHECK_FUNCTION_EXISTS=pthread_create  -L/usr/local/opt/gettext/lib:-L/usr/local/opt/openssl/lib  -rdynamic CMakeFiles/cmTC_379fd.dir/CheckFunctionExists.c.o  -o cmTC_379fd -lpthreads 
/usr/bin/ld: cannot find -lpthreads
collect2: error: ld returned 1 exit status
CMakeFiles/cmTC_379fd.dir/build.make:97: recipe for target 'cmTC_379fd' failed
make[1]: *** [cmTC_379fd] Error 1
make[1]: Leaving directory '/home/lex/catkin_ws/src/superchicko/SoftRobots/build/CMakeFiles/CMakeTmp'
Makefile:126: recipe for target 'cmTC_379fd/fast' failed
make: *** [cmTC_379fd/fast] Error 2


